[debug] [2024-05-10T13:26:07.826Z] ----------------------------------------------------------------------
[debug] [2024-05-10T13:26:07.833Z] Command:       C:\Program Files\nodejs\node.exe C:\Users\91997\AppData\Roaming\npm\node_modules\firebase-tools\lib\bin\firebase.js init
[debug] [2024-05-10T13:26:07.834Z] CLI Version:   13.7.3
[debug] [2024-05-10T13:26:07.835Z] Platform:      win32
[debug] [2024-05-10T13:26:07.835Z] Node Version:  v20.12.2
[debug] [2024-05-10T13:26:07.835Z] Time:          Fri May 10 2024 18:56:07 GMT+0530 (India Standard Time)
[debug] [2024-05-10T13:26:07.836Z] ----------------------------------------------------------------------
[debug] 
[debug] [2024-05-10T13:26:07.843Z] >>> [apiv2][query] GET https://firebase-public.firebaseio.com/cli.json [none]
[debug] [2024-05-10T13:26:08.167Z] > command requires scopes: ["email","openid","https://www.googleapis.com/auth/cloudplatformprojects.readonly","https://www.googleapis.com/auth/firebase","https://www.googleapis.com/auth/cloud-platform"]
[debug] [2024-05-10T13:26:08.168Z] > authorizing via signed-in user (keshavks9971@gmail.com)
[info] 
     ######## #### ########  ######## ########     ###     ######  ########
     ##        ##  ##     ## ##       ##     ##  ##   ##  ##       ##
     ######    ##  ########  ######   ########  #########  ######  ######
     ##        ##  ##    ##  ##       ##     ## ##     ##       ## ##
     ##       #### ##     ## ######## ########  ##     ##  ######  ########

You're about to initialize a Firebase project in this directory:

  D:\namaste react\Netflix\netflix-p

Before we get started, keep in mind:

  * You are initializing within an existing Firebase project directory

[debug] [2024-05-10T13:26:09.033Z] <<< [apiv2][status] GET https://firebase-public.firebaseio.com/cli.json 200
[debug] [2024-05-10T13:26:09.034Z] <<< [apiv2][body] GET https://firebase-public.firebaseio.com/cli.json {"cloudBuildErrorAfter":1594252800000,"cloudBuildWarnAfter":1590019200000,"defaultNode10After":1594252800000,"minVersion":"3.0.5","node8DeploysDisabledAfter":1613390400000,"node8RuntimeDisabledAfter":1615809600000,"node8WarnAfter":1600128000000}
